[08:18:46] [Client thread/INFO]: Setting user: Player657
[08:18:46] [Client thread/INFO]: (Session ID is token:0:Player657)
[08:18:49] [Client thread/INFO]: [OptiFine] *** Reflector Forge ***
[08:18:49] [Client thread/INFO]: [OptiFine] *** Reflector Vanilla ***
[08:18:49] [Client thread/INFO]: [OptiFine] (Reflector) Class not present: net.minecraftforge.fml.common.eventhandler.Event$Result
[08:18:49] [Client thread/INFO]: [OptiFine] (Reflector) Class not present: net.minecraft.launchwrapper.Launch
[08:18:49] [Client thread/INFO]: LWJGL Version: 2.9.4
[08:18:49] [Client thread/INFO]: [OptiFine] 
[08:18:49] [Client thread/INFO]: [OptiFine] OptiFine_1.8.9_HD_U_M6_pre2
[08:18:49] [Client thread/INFO]: [OptiFine] Build: null
[08:18:49] [Client thread/INFO]: [OptiFine] OS: Windows 11 (amd64) version 10.0
[08:18:49] [Client thread/INFO]: [OptiFine] Java: 1.8.0_371, Oracle Corporation
[08:18:49] [Client thread/INFO]: [OptiFine] VM: Java HotSpot(TM) 64-Bit Server VM (mixed mode), Oracle Corporation
[08:18:49] [Client thread/INFO]: [OptiFine] LWJGL: 2.9.4
[08:18:49] [Client thread/INFO]: [OptiFine] OpenGL: Intel(R) HD Graphics 4600, version 4.3.0 - Build 20.19.15.4835, Intel
[08:18:49] [Client thread/INFO]: [OptiFine] OpenGL Version: 4.3.0
[08:18:49] [Client thread/INFO]: [OptiFine] OpenGL Fancy fog: Not available (GL_NV_fog_distance)
[08:18:49] [Client thread/INFO]: [OptiFine] Maximum texture size: 8192x8192
[08:18:49] [VersionCheck/INFO]: [OptiFine] Checking for new version
[08:18:50] [Client thread/INFO]: [Shaders] OpenGL Version: 4.3.0 - Build 20.19.15.4835
[08:18:50] [Client thread/INFO]: [Shaders] Vendor:  Intel
[08:18:50] [Client thread/INFO]: [Shaders] Renderer: Intel(R) HD Graphics 4600
[08:18:50] [Client thread/INFO]: [Shaders] Capabilities:  2.0  2.1  3.0  3.2  4.0 
[08:18:50] [Client thread/INFO]: [Shaders] GL_MAX_DRAW_BUFFERS: 8
[08:18:50] [Client thread/INFO]: [Shaders] GL_MAX_COLOR_ATTACHMENTS_EXT: 8
[08:18:50] [Client thread/INFO]: [Shaders] GL_MAX_TEXTURE_IMAGE_UNITS: 32
[08:18:50] [Client thread/INFO]: [Shaders] Load shaders configuration.
[08:18:50] [Client thread/INFO]: [Shaders] Save shaders configuration.
[08:18:50] [Client thread/INFO]: [Shaders] Shaders can not be loaded, Fast Render is enabled.
[08:18:50] [Client thread/INFO]: [Shaders] No shaderpack loaded.
[08:18:50] [Client thread/INFO]: [OptiFine] (Reflector) Class not present: net.minecraftforge.fml.common.Loader
[08:18:50] [Client thread/INFO]: Reloading ResourceManager: Default
[08:18:50] [Client thread/INFO]: [OptiFine] (Reflector) Class not present: optifine.OptiFineClassTransformer
[08:18:50] [Client thread/INFO]: [OptiFine] *** Reloading textures ***
[08:18:50] [Client thread/INFO]: [OptiFine] Resource packs: Default
[08:18:50] [Client thread/INFO]: [OptiFine] (Reflector) Class not present: net.minecraftforge.fml.client.SplashProgress
[08:18:50] [Client thread/INFO]: [OptiFine] (Reflector) Class not present: net.minecraftforge.client.model.Attributes
[08:18:50] [Client thread/INFO]: [OptiFine] (Reflector) Method not present: net.minecraft.client.renderer.vertex.VertexFormatElement$EnumUsage.preDraw
[08:18:50] [Client thread/INFO]: [OptiFine] (Reflector) Method not present: net.minecraft.client.renderer.vertex.VertexFormatElement$EnumUsage.postDraw
[08:18:50] [Sound Library Loader/INFO]: Starting up SoundSystem...
[08:18:50] [VersionCheck/INFO]: [OptiFine] Version found: M5
[08:18:50] [Thread-6/INFO]: Initializing LWJGL OpenAL
[08:18:50] [Thread-6/INFO]: (The LWJGL binding of OpenAL.  For more information, see http://www.lwjgl.org)
[08:18:50] [Thread-6/INFO]: OpenAL initialized.
[08:18:51] [Sound Library Loader/INFO]: Sound engine started
[08:18:53] [Client thread/INFO]: [OptiFine] (Reflector) Class not present: net.minecraftforge.client.ForgeHooksClient
[08:18:55] [Client thread/INFO]: [OptiFine] Mipmap levels: 4
[08:18:55] [Client thread/INFO]: [OptiFine] Multitexture: false
[08:18:55] [Client thread/INFO]: [OptiFine] ConnectedTextures: mcpatcher/ctm/default/0_glass_white/glass_pane_white.properties
[08:18:55] [Client thread/INFO]: [OptiFine] ConnectedTextures: mcpatcher/ctm/default/0_glass_white/glass_white.properties
[08:18:55] [Client thread/INFO]: [OptiFine] ConnectedTextures: mcpatcher/ctm/default/10_glass_purple/glass_pane_purple.properties
[08:18:55] [Client thread/INFO]: [OptiFine] ConnectedTextures: mcpatcher/ctm/default/10_glass_purple/glass_purple.properties
[08:18:55] [Client thread/INFO]: [OptiFine] ConnectedTextures: mcpatcher/ctm/default/11_glass_blue/glass_blue.properties
[08:18:55] [Client thread/INFO]: [OptiFine] ConnectedTextures: mcpatcher/ctm/default/11_glass_blue/glass_pane_blue.properties
[08:18:55] [Client thread/INFO]: [OptiFine] ConnectedTextures: mcpatcher/ctm/default/12_glass_brown/glass_brown.properties
[08:18:55] [Client thread/INFO]: [OptiFine] ConnectedTextures: mcpatcher/ctm/default/12_glass_brown/glass_pane_brown.properties
[08:18:55] [Client thread/INFO]: [OptiFine] ConnectedTextures: mcpatcher/ctm/default/13_glass_green/glass_green.properties
[08:18:55] [Client thread/INFO]: [OptiFine] ConnectedTextures: mcpatcher/ctm/default/13_glass_green/glass_pane_green.properties
[08:18:55] [Client thread/INFO]: [OptiFine] ConnectedTextures: mcpatcher/ctm/default/14_glass_red/glass_pane_red.properties
[08:18:55] [Client thread/INFO]: [OptiFine] ConnectedTextures: mcpatcher/ctm/default/14_glass_red/glass_red.properties
[08:18:55] [Client thread/INFO]: [OptiFine] ConnectedTextures: mcpatcher/ctm/default/15_glass_black/glass_black.properties
[08:18:55] [Client thread/INFO]: [OptiFine] ConnectedTextures: mcpatcher/ctm/default/15_glass_black/glass_pane_black.properties
[08:18:55] [Client thread/INFO]: [OptiFine] ConnectedTextures: mcpatcher/ctm/default/1_glass_orange/glass_orange.properties
[08:18:55] [Client thread/INFO]: [OptiFine] ConnectedTextures: mcpatcher/ctm/default/1_glass_orange/glass_pane_orange.properties
[08:18:55] [Client thread/INFO]: [OptiFine] ConnectedTextures: mcpatcher/ctm/default/2_glass_magenta/glass_magenta.properties
[08:18:55] [Client thread/INFO]: [OptiFine] ConnectedTextures: mcpatcher/ctm/default/2_glass_magenta/glass_pane_magenta.properties
[08:18:55] [Client thread/INFO]: [OptiFine] ConnectedTextures: mcpatcher/ctm/default/3_glass_light_blue/glass_light_blue.properties
[08:18:55] [Client thread/INFO]: [OptiFine] ConnectedTextures: mcpatcher/ctm/default/3_glass_light_blue/glass_pane_light_blue.properties
[08:18:55] [Client thread/INFO]: [OptiFine] ConnectedTextures: mcpatcher/ctm/default/4_glass_yellow/glass_pane_yellow.properties
[08:18:55] [Client thread/INFO]: [OptiFine] ConnectedTextures: mcpatcher/ctm/default/4_glass_yellow/glass_yellow.properties
[08:18:55] [Client thread/INFO]: [OptiFine] ConnectedTextures: mcpatcher/ctm/default/5_glass_lime/glass_lime.properties
[08:18:55] [Client thread/INFO]: [OptiFine] ConnectedTextures: mcpatcher/ctm/default/5_glass_lime/glass_pane_lime.properties
[08:18:55] [Client thread/INFO]: [OptiFine] ConnectedTextures: mcpatcher/ctm/default/6_glass_pink/glass_pane_pink.properties
[08:18:55] [Client thread/INFO]: [OptiFine] ConnectedTextures: mcpatcher/ctm/default/6_glass_pink/glass_pink.properties
[08:18:55] [Client thread/INFO]: [OptiFine] ConnectedTextures: mcpatcher/ctm/default/7_glass_gray/glass_gray.properties
[08:18:55] [Client thread/INFO]: [OptiFine] ConnectedTextures: mcpatcher/ctm/default/7_glass_gray/glass_pane_gray.properties
[08:18:55] [Client thread/INFO]: [OptiFine] ConnectedTextures: mcpatcher/ctm/default/8_glass_silver/glass_pane_silver.properties
[08:18:55] [Client thread/INFO]: [OptiFine] ConnectedTextures: mcpatcher/ctm/default/8_glass_silver/glass_silver.properties
[08:18:55] [Client thread/INFO]: [OptiFine] ConnectedTextures: mcpatcher/ctm/default/9_glass_cyan/glass_cyan.properties
[08:18:55] [Client thread/INFO]: [OptiFine] ConnectedTextures: mcpatcher/ctm/default/9_glass_cyan/glass_pane_cyan.properties
[08:18:55] [Client thread/INFO]: [OptiFine] ConnectedTextures: mcpatcher/ctm/default/bookshelf.properties
[08:18:55] [Client thread/INFO]: [OptiFine] ConnectedTextures: mcpatcher/ctm/default/glass.properties
[08:18:55] [Client thread/INFO]: [OptiFine] ConnectedTextures: mcpatcher/ctm/default/glasspane.properties
[08:18:55] [Client thread/INFO]: [OptiFine] ConnectedTextures: mcpatcher/ctm/default/sandstone.properties
[08:18:55] [Client thread/INFO]: [OptiFine] Multipass connected textures: false
[08:18:55] [Client thread/INFO]: [OptiFine] BetterGrass: Parsing default configuration optifine/bettergrass.properties
[08:18:57] [Client thread/INFO]: Created: 1024x512 textures-atlas
[08:18:57] [Client thread/INFO]: [OptiFine] Animated sprites: 11
[08:18:57] [Client thread/INFO]: [OptiFine] (Reflector) Class not present: net.minecraftforge.client.model.ModelLoader
[08:18:58] [Client thread/INFO]: [OptiFine] (Reflector) Class not present: net.minecraftforge.client.ItemModelMesherForge
[08:18:58] [Client thread/INFO]: [OptiFine] (Reflector) Class not present: net.minecraftforge.fml.client.registry.RenderingRegistry
[08:18:58] [Client thread/INFO]: [OptiFine] (Reflector) Class not present: net.minecraftforge.common.ForgeModContainer
[08:18:58] [Client thread/INFO]: [OptiFine] (Reflector) Class not present: net.minecraftforge.fml.client.GuiModList
[08:18:58] [Client thread/ERROR]: Realms module missing
java.lang.ClassNotFoundException: com.mojang.realmsclient.gui.screens.RealmsNotificationsScreen
	at java.net.URLClassLoader.findClass(URLClassLoader.java:387) ~[?:1.8.0_371]
	at java.lang.ClassLoader.loadClass(ClassLoader.java:418) ~[?:1.8.0_371]
	at sun.misc.Launcher$AppClassLoader.loadClass(Launcher.java:355) ~[?:1.8.0_371]
	at java.lang.ClassLoader.loadClass(ClassLoader.java:351) ~[?:1.8.0_371]
	at java.lang.Class.forName0(Native Method) ~[?:1.8.0_371]
	at java.lang.Class.forName(Class.java:264) ~[?:1.8.0_371]
	at net.minecraft.realms.RealmsBridge.getNotificationScreen(RealmsBridge.java:38) [Minecraft%20CLMClient/:?]
	at net.minecraft.client.gui.GuiMainMenu.initGui(GuiMainMenu.java:214) [Minecraft%20CLMClient/:?]
	at net.minecraft.client.gui.GuiScreen.setWorldAndResolution(GuiScreen.java:483) [Minecraft%20CLMClient/:?]
	at net.minecraft.client.Minecraft.displayGuiScreen(Minecraft.java:914) [Minecraft%20CLMClient/:?]
	at net.minecraft.client.Minecraft.startGame(Minecraft.java:496) [Minecraft%20CLMClient/:?]
	at net.minecraft.client.Minecraft.run(Minecraft.java:328) [Minecraft%20CLMClient/:?]
	at net.minecraft.client.main.Main.main(Main.java:113) [Minecraft%20CLMClient/:?]
	at Start.main(Start.java:11) [Minecraft%20CLMClient/:?]
[08:18:58] [Client thread/INFO]: [OptiFine] (Reflector) Class not present: mods.betterfoliage.client.BetterFoliageClient
[08:18:58] [Client thread/INFO]: [OptiFine] (Reflector) Class not present: net.minecraftforge.fml.common.asm.transformers.BlamingTransformer
[08:18:58] [Client thread/INFO]: [OptiFine] (Reflector) Class not present: net.minecraftforge.event.world.ChunkWatchEvent$UnWatch
[08:18:58] [Client thread/INFO]: [OptiFine] (Reflector) Class not present: net.minecraftforge.fml.relauncher.CoreModManager
[08:18:58] [Client thread/INFO]: [OptiFine] (Reflector) Class not present: net.minecraftforge.common.DimensionManager
[08:18:58] [Client thread/INFO]: [OptiFine] (Reflector) Class not present: net.minecraftforge.client.event.GuiScreenEvent$DrawScreenEvent$Pre
[08:18:58] [Client thread/INFO]: [OptiFine] (Reflector) Class not present: net.minecraftforge.client.event.GuiScreenEvent$DrawScreenEvent$Post
[08:18:58] [Client thread/INFO]: [OptiFine] (Reflector) Class not present: net.minecraftforge.client.event.EntityViewRenderEvent$CameraSetup
[08:18:58] [Client thread/INFO]: [OptiFine] (Reflector) Class not present: net.minecraftforge.client.event.EntityViewRenderEvent$FogColors
[08:18:58] [Client thread/INFO]: [OptiFine] (Reflector) Class not present: net.minecraftforge.fml.common.eventhandler.Event
[08:18:58] [Client thread/INFO]: [OptiFine] (Reflector) Class not present: net.minecraftforge.fml.common.eventhandler.EventBus
[08:18:58] [Client thread/INFO]: [OptiFine] (Reflector) Class not present: net.minecraftforge.common.property.ExtendedBlockState
[08:18:58] [Client thread/INFO]: [OptiFine] (Reflector) Class not present: net.minecraftforge.fml.client.FMLClientHandler
[08:18:58] [Client thread/INFO]: [OptiFine] (Reflector) Class not present: net.minecraftforge.fml.common.FMLCommonHandler
[08:18:58] [Client thread/INFO]: [OptiFine] (Reflector) Method not present: net.minecraft.world.biome.BiomeGenBase.getWaterColorMultiplier
[08:18:58] [Client thread/INFO]: [OptiFine] (Reflector) Method not present: net.minecraft.block.Block.addDestroyEffects
[08:18:58] [Client thread/INFO]: [OptiFine] (Reflector) Method not present: net.minecraft.block.Block.addHitEffects
[08:18:58] [Client thread/INFO]: [OptiFine] (Reflector) Method not present: net.minecraft.block.Block.canCreatureSpawn
[08:18:58] [Client thread/INFO]: [OptiFine] (Reflector) Method not present: net.minecraft.block.Block.canRenderInLayer
[08:18:58] [Client thread/INFO]: [OptiFine] (Reflector) Method not present: net.minecraft.block.Block.doesSideBlockRendering
[08:18:58] [Client thread/INFO]: [OptiFine] (Reflector) Method not present: net.minecraft.block.Block.getBedDirection
[08:18:58] [Client thread/INFO]: [OptiFine] (Reflector) Method not present: net.minecraft.block.Block.getExtendedState
[08:18:58] [Client thread/INFO]: [OptiFine] (Reflector) Method not present: net.minecraft.block.Block.getLightOpacity
[08:18:58] [Client thread/INFO]: [OptiFine] (Reflector) Method not present: net.minecraft.block.Block.getLightValue
[08:18:58] [Client thread/INFO]: [OptiFine] (Reflector) Method not present: net.minecraft.block.Block.hasTileEntity
[08:18:58] [Client thread/INFO]: [OptiFine] (Reflector) Method not present: net.minecraft.block.Block.isAir
[08:18:58] [Client thread/INFO]: [OptiFine] (Reflector) Method not present: net.minecraft.block.Block.isBed
[08:18:58] [Client thread/INFO]: [OptiFine] (Reflector) Method not present: net.minecraft.block.Block.isBedFoot
[08:18:58] [Client thread/INFO]: [OptiFine] (Reflector) Method not present: net.minecraft.block.Block.isSideSolid
[08:18:58] [Client thread/INFO]: [OptiFine] (Reflector) Method not present: net.minecraft.world.ChunkCache.isSideSolid
[08:18:58] [Client thread/INFO]: [OptiFine] (Reflector) Method not present: net.minecraft.entity.Entity.canRiderInteract
[08:18:58] [Client thread/INFO]: [OptiFine] (Reflector) Field not present: net.minecraft.entity.Entity.captureDrops
[08:18:58] [Client thread/INFO]: [OptiFine] (Reflector) Field not present: net.minecraft.entity.Entity.capturedDrops
[08:18:58] [Client thread/INFO]: [OptiFine] (Reflector) Method not present: net.minecraft.entity.Entity.shouldRenderInPass
[08:18:58] [Client thread/INFO]: [OptiFine] (Reflector) Method not present: net.minecraft.entity.Entity.shouldRiderSit
[08:18:58] [Client thread/INFO]: [OptiFine] (Reflector) Class not present: net.minecraftforge.event.ForgeEventFactory
[08:18:58] [Client thread/INFO]: [OptiFine] (Reflector) Class not present: net.minecraftforge.common.ForgeHooks
[08:18:58] [Client thread/INFO]: [OptiFine] (Reflector) Field not present: net.minecraft.item.Item.delegate
[08:18:58] [Client thread/INFO]: [OptiFine] (Reflector) Method not present: net.minecraft.item.Item.getDurabilityForDisplay
[08:18:58] [Client thread/INFO]: [OptiFine] (Reflector) Method not present: net.minecraft.item.Item.getModel
[08:18:58] [Client thread/INFO]: [OptiFine] (Reflector) Method not present: net.minecraft.item.Item.onEntitySwing
[08:18:58] [Client thread/INFO]: [OptiFine] (Reflector) Method not present: net.minecraft.item.Item.shouldCauseReequipAnimation
[08:18:58] [Client thread/INFO]: [OptiFine] (Reflector) Method not present: net.minecraft.item.Item.showDurabilityBar
[08:18:58] [Client thread/INFO]: [OptiFine] (Reflector) Method not present: net.minecraft.potion.PotionEffect.isCurativeItem
[08:18:58] [Client thread/INFO]: [OptiFine] (Reflector) Method not present: net.minecraft.tileentity.TileEntity.canRenderBreaking
[08:18:58] [Client thread/INFO]: [OptiFine] (Reflector) Method not present: net.minecraft.tileentity.TileEntity.getRenderBoundingBox
[08:18:58] [Client thread/INFO]: [OptiFine] (Reflector) Method not present: net.minecraft.tileentity.TileEntity.hasFastRenderer
[08:18:58] [Client thread/INFO]: [OptiFine] (Reflector) Method not present: net.minecraft.tileentity.TileEntity.shouldRenderInPass
[08:18:58] [Client thread/INFO]: [OptiFine] (Reflector) Method not present: net.minecraft.world.World.countEntities
[08:18:58] [Client thread/INFO]: [OptiFine] (Reflector) Method not present: net.minecraft.world.World.getPerWorldStorage
[08:18:58] [Client thread/INFO]: [OptiFine] (Reflector) Method not present: net.minecraft.world.WorldProvider.getCloudRenderer
[08:18:58] [Client thread/INFO]: [OptiFine] (Reflector) Method not present: net.minecraft.world.WorldProvider.getSkyRenderer
[08:18:58] [Client thread/INFO]: [OptiFine] (Reflector) Method not present: net.minecraft.world.WorldProvider.getWeatherRenderer
[08:18:58] [Client thread/INFO]: [OptiFine] (Reflector) Method not present: net.minecraft.world.WorldProvider.getSaveFolder
[08:18:58] [Client thread/INFO]: [OptiFine] (Reflector) Class not present: net.minecraftforge.client.model.IColoredBakedQuad
[08:18:58] [Client thread/INFO]: [OptiFine] (Reflector) Class not present: net.minecraftforge.common.property.IExtendedBlockState
[08:18:58] [Client thread/INFO]: [OptiFine] (Reflector) Class not present: net.minecraftforge.client.model.IModel
[08:18:58] [Client thread/INFO]: [OptiFine] (Reflector) Class not present: net.minecraftforge.client.IRenderHandler
[08:18:58] [Client thread/INFO]: [OptiFine] (Reflector) Class not present: net.minecraftforge.client.model.pipeline.LightUtil
[08:18:58] [Client thread/INFO]: [OptiFine] (Reflector) Class not present: net.minecraftforge.common.MinecraftForge
[08:18:58] [Client thread/INFO]: [OptiFine] (Reflector) Class not present: net.minecraftforge.client.MinecraftForgeClient
[08:18:58] [Client thread/INFO]: [OptiFine] (Reflector) Class not present: net.minecraftforge.fml.common.ModContainer
[08:18:58] [Client thread/INFO]: [OptiFine] (Reflector) Class not present: net.minecraftforge.client.model.ModelLoader$VanillaLoader
[08:18:58] [Client thread/INFO]: [OptiFine] (Reflector) Class not present: net.minecraftforge.client.event.RenderBlockOverlayEvent$OverlayType
[08:18:58] [Client thread/INFO]: [OptiFine] (Reflector) Class not present: net.minecraftforge.client.event.RenderItemInFrameEvent
[08:18:58] [Client thread/INFO]: [OptiFine] (Reflector) Class not present: net.minecraftforge.client.event.RenderLivingEvent$Pre
[08:18:58] [Client thread/INFO]: [OptiFine] (Reflector) Class not present: net.minecraftforge.client.event.RenderLivingEvent$Post
[08:18:58] [Client thread/INFO]: [OptiFine] (Reflector) Class not present: net.minecraftforge.client.event.RenderLivingEvent$Specials$Pre
[08:18:58] [Client thread/INFO]: [OptiFine] (Reflector) Class not present: net.minecraftforge.client.event.RenderLivingEvent$Specials$Post
[08:18:58] [Client thread/INFO]: [OptiFine] (Reflector) Class not present: net.minecraftforge.event.world.WorldEvent$Load
[08:18:58] [Client thread/INFO]: [OptiFine] *** Reloading custom textures ***
[08:18:58] [Client thread/INFO]: [OptiFine] Enable face culling: acacia_leaves, birch_leaves, dark_oak_leaves, jungle_leaves, oak_leaves, spruce_leaves
[08:19:14] [Client thread/ERROR]: Realms module missing
java.lang.ClassNotFoundException: com.mojang.realmsclient.gui.screens.RealmsNotificationsScreen
	at java.net.URLClassLoader.findClass(URLClassLoader.java:387) ~[?:1.8.0_371]
	at java.lang.ClassLoader.loadClass(ClassLoader.java:418) ~[?:1.8.0_371]
	at sun.misc.Launcher$AppClassLoader.loadClass(Launcher.java:355) ~[?:1.8.0_371]
	at java.lang.ClassLoader.loadClass(ClassLoader.java:351) ~[?:1.8.0_371]
	at java.lang.Class.forName0(Native Method) ~[?:1.8.0_371]
	at java.lang.Class.forName(Class.java:264) ~[?:1.8.0_371]
	at net.minecraft.realms.RealmsBridge.getNotificationScreen(RealmsBridge.java:38) [Minecraft%20CLMClient/:?]
	at net.minecraft.client.gui.GuiMainMenu.initGui(GuiMainMenu.java:214) [Minecraft%20CLMClient/:?]
	at net.minecraft.client.gui.GuiScreen.setWorldAndResolution(GuiScreen.java:483) [Minecraft%20CLMClient/:?]
	at net.minecraft.client.Minecraft.displayGuiScreen(Minecraft.java:914) [Minecraft%20CLMClient/:?]
	at net.minecraft.client.gui.GuiSelectWorld.func_146615_e(GuiSelectWorld.java:165) [Minecraft%20CLMClient/:?]
	at net.minecraft.client.gui.GuiSelectWorld.actionPerformed(GuiSelectWorld.java:133) [Minecraft%20CLMClient/:?]
	at net.minecraft.client.gui.GuiScreen.mouseClicked(GuiScreen.java:452) [Minecraft%20CLMClient/:?]
	at net.minecraft.client.gui.GuiScreen.handleMouseInput(GuiScreen.java:530) [Minecraft%20CLMClient/:?]
	at net.minecraft.client.gui.GuiSelectWorld.handleMouseInput(GuiSelectWorld.java:73) [Minecraft%20CLMClient/:?]
	at net.minecraft.client.gui.GuiScreen.handleInput(GuiScreen.java:502) [Minecraft%20CLMClient/:?]
	at net.minecraft.client.Minecraft.runTick(Minecraft.java:1651) [Minecraft%20CLMClient/:?]
	at net.minecraft.client.Minecraft.runGameLoop(Minecraft.java:1010) [Minecraft%20CLMClient/:?]
	at net.minecraft.client.Minecraft.run(Minecraft.java:348) [Minecraft%20CLMClient/:?]
	at net.minecraft.client.main.Main.main(Main.java:113) [Minecraft%20CLMClient/:?]
	at Start.main(Start.java:11) [Minecraft%20CLMClient/:?]
[08:19:14] [Server thread/INFO]: Starting integrated minecraft server version 1.9
[08:19:14] [Server thread/INFO]: Generating keypair
[08:19:15] [Server thread/INFO]: Preparing start region for level 0
[08:19:16] [Server thread/INFO]: Preparing spawn area: 50%
[08:19:17] [Client thread/ERROR]: Realms module missing
java.lang.ClassNotFoundException: com.mojang.realmsclient.gui.screens.RealmsNotificationsScreen
	at java.net.URLClassLoader.findClass(URLClassLoader.java:387) ~[?:1.8.0_371]
	at java.lang.ClassLoader.loadClass(ClassLoader.java:418) ~[?:1.8.0_371]
	at sun.misc.Launcher$AppClassLoader.loadClass(Launcher.java:355) ~[?:1.8.0_371]
	at java.lang.ClassLoader.loadClass(ClassLoader.java:351) ~[?:1.8.0_371]
	at java.lang.Class.forName0(Native Method) ~[?:1.8.0_371]
	at java.lang.Class.forName(Class.java:264) ~[?:1.8.0_371]
	at net.minecraft.realms.RealmsBridge.getNotificationScreen(RealmsBridge.java:38) [Minecraft%20CLMClient/:?]
	at net.minecraft.client.gui.GuiMainMenu.initGui(GuiMainMenu.java:214) [Minecraft%20CLMClient/:?]
	at net.minecraft.client.gui.GuiScreen.setWorldAndResolution(GuiScreen.java:483) [Minecraft%20CLMClient/:?]
	at net.minecraft.client.Minecraft.displayGuiScreen(Minecraft.java:914) [Minecraft%20CLMClient/:?]
	at net.minecraft.client.Minecraft.launchIntegratedServer(Minecraft.java:2187) [Minecraft%20CLMClient/:?]
	at net.minecraft.client.gui.GuiSelectWorld.func_146615_e(GuiSelectWorld.java:186) [Minecraft%20CLMClient/:?]
	at net.minecraft.client.gui.GuiSelectWorld.actionPerformed(GuiSelectWorld.java:133) [Minecraft%20CLMClient/:?]
	at net.minecraft.client.gui.GuiScreen.mouseClicked(GuiScreen.java:452) [Minecraft%20CLMClient/:?]
	at net.minecraft.client.gui.GuiScreen.handleMouseInput(GuiScreen.java:530) [Minecraft%20CLMClient/:?]
	at net.minecraft.client.gui.GuiSelectWorld.handleMouseInput(GuiSelectWorld.java:73) [Minecraft%20CLMClient/:?]
	at net.minecraft.client.gui.GuiScreen.handleInput(GuiScreen.java:502) [Minecraft%20CLMClient/:?]
	at net.minecraft.client.Minecraft.runTick(Minecraft.java:1651) [Minecraft%20CLMClient/:?]
	at net.minecraft.client.Minecraft.runGameLoop(Minecraft.java:1010) [Minecraft%20CLMClient/:?]
	at net.minecraft.client.Minecraft.run(Minecraft.java:348) [Minecraft%20CLMClient/:?]
	at net.minecraft.client.main.Main.main(Main.java:113) [Minecraft%20CLMClient/:?]
	at Start.main(Start.java:11) [Minecraft%20CLMClient/:?]
[08:19:17] [Server thread/INFO]: Changing view distance to 2, from 10
[08:19:17] [Server thread/INFO]: Player657[local:E:ab3cdb26] logged in with entity id 381 at (40.500704149907456, 65.0, 50.76948565158545)
[08:19:17] [Server thread/INFO]: Player657 加入了游戏
[08:20:28] [Client thread/INFO]: [CHAT] 您的游戏模式已更新
[08:20:28] [Server thread/INFO]: [Player657: 您的游戏模式已被设置为 创造模式 ]
[08:20:44] [Server thread/INFO]: Saving and pausing game...
[08:20:45] [Server thread/INFO]: Saving chunks for level '新的世界'/Overworld
[08:20:45] [Server thread/INFO]: Saving chunks for level '新的世界'/Nether
[08:20:45] [Server thread/INFO]: Saving chunks for level '新的世界'/The End
[08:22:04] [Server thread/INFO]: [Player657: 成功地召唤了实体]
[08:22:04] [Client thread/INFO]: [CHAT] 成功地召唤了实体
[08:22:42] [Server thread/INFO]: Saving and pausing game...
[08:22:42] [Server thread/INFO]: Saving chunks for level '新的世界'/Overworld
[08:22:42] [Server thread/INFO]: Saving chunks for level '新的世界'/Nether
[08:22:42] [Server thread/INFO]: Saving chunks for level '新的世界'/The End
[08:31:08] [Server thread/INFO]: Saving and pausing game...
[08:31:08] [Server thread/INFO]: Saving chunks for level '新的世界'/Overworld
[08:31:09] [Server thread/INFO]: Saving chunks for level '新的世界'/Nether
[08:31:09] [Server thread/INFO]: Saving chunks for level '新的世界'/The End
[08:32:26] [Server thread/INFO]: Saving and pausing game...
[08:32:26] [Server thread/INFO]: Saving chunks for level '新的世界'/Overworld
[08:32:26] [Server thread/INFO]: Saving chunks for level '新的世界'/Nether
[08:32:26] [Server thread/INFO]: Saving chunks for level '新的世界'/The End
[08:33:55] [Server thread/INFO]: Saving and pausing game...
[08:33:55] [Server thread/INFO]: Saving chunks for level '新的世界'/Overworld
[08:33:55] [Server thread/INFO]: Saving chunks for level '新的世界'/Nether
[08:33:55] [Server thread/INFO]: Saving chunks for level '新的世界'/The End
[08:36:35] [Server thread/WARN]: Can't keep up! Did the system time change, or is the server overloaded? Running 29197ms behind, skipping 583 tick(s)
[08:37:43] [Server thread/WARN]: Can't keep up! Did the system time change, or is the server overloaded? Running 64696ms behind, skipping 1293 tick(s)
[08:38:11] [Server thread/INFO]: Saving and pausing game...
[08:38:11] [Server thread/INFO]: Saving chunks for level '新的世界'/Overworld
[08:38:11] [Server thread/INFO]: Saving chunks for level '新的世界'/Nether
[08:38:11] [Server thread/INFO]: Saving chunks for level '新的世界'/The End
[08:40:26] [Server thread/WARN]: Can't keep up! Did the system time change, or is the server overloaded? Running 15184ms behind, skipping 303 tick(s)
[08:40:56] [Server thread/WARN]: Can't keep up! Did the system time change, or is the server overloaded? Running 11611ms behind, skipping 232 tick(s)
[08:41:02] [Server thread/INFO]: Saving and pausing game...
[08:41:02] [Server thread/INFO]: Saving chunks for level '新的世界'/Overworld
[08:41:03] [Server thread/INFO]: Saving chunks for level '新的世界'/Nether
[08:41:03] [Server thread/INFO]: Saving chunks for level '新的世界'/The End
[08:42:21] [Server thread/INFO]: Saving and pausing game...
[08:42:22] [Server thread/INFO]: Saving chunks for level '新的世界'/Overworld
[08:42:22] [Server thread/INFO]: Saving chunks for level '新的世界'/Nether
[08:42:22] [Server thread/INFO]: Saving chunks for level '新的世界'/The End
[08:42:39] [Server thread/INFO]: Saving and pausing game...
[08:42:39] [Server thread/INFO]: Saving chunks for level '新的世界'/Overworld
[08:42:39] [Server thread/INFO]: Saving chunks for level '新的世界'/Nether
[08:42:39] [Server thread/INFO]: Saving chunks for level '新的世界'/The End
[08:43:08] [Server thread/WARN]: Can't keep up! Did the system time change, or is the server overloaded? Running 16208ms behind, skipping 324 tick(s)
[08:43:10] [Server thread/INFO]: Saving and pausing game...
[08:43:10] [Server thread/INFO]: Saving chunks for level '新的世界'/Overworld
[08:43:11] [Server thread/INFO]: Saving chunks for level '新的世界'/Nether
[08:43:11] [Server thread/INFO]: Saving chunks for level '新的世界'/The End
[08:43:25] [Server thread/WARN]: Can't keep up! Did the system time change, or is the server overloaded? Running 3526ms behind, skipping 70 tick(s)
[08:43:39] [Server thread/INFO]: Saving and pausing game...
[08:43:39] [Server thread/INFO]: Saving chunks for level '新的世界'/Overworld
[08:43:39] [Server thread/INFO]: Saving chunks for level '新的世界'/Nether
[08:43:39] [Server thread/INFO]: Saving chunks for level '新的世界'/The End
[08:43:53] [Server thread/WARN]: Can't keep up! Did the system time change, or is the server overloaded? Running 4318ms behind, skipping 86 tick(s)
[08:45:19] [Server thread/WARN]: Can't keep up! Did the system time change, or is the server overloaded? Running 6136ms behind, skipping 122 tick(s)
[08:45:29] [Server thread/INFO]: <Player657> 1
[08:45:29] [Client thread/INFO]: [CHAT] <Player657> 1
